2024-06-10 09:34:00,839 - INFO - Seed --> 12345 (WNT_Softmax_training.py:94)
2024-06-10 09:39:39,706 - INFO - BiEncoder evaluation (WNT_Softmax_training.py:136)
2024-06-10 09:39:45,462 - INFO - Epoch 0 Test Results: {1: 0.5786516853932584, 5: 0.7106741573033708, 25: 0.800561797752809, 50: 0.8328651685393258, 100: 0.860252808988764, 200: 0.8862359550561798} (WNT_Softmax_training.py:146)
2024-06-10 09:39:45,462 - INFO - Epoch 0 Validation Results: {1: 0.7844827586206896, 5: 0.9172413793103448, 25: 0.9603448275862069, 50: 0.9689655172413794, 100: 0.9758620689655172, 200: 0.9844827586206897}
 (WNT_Softmax_training.py:147)
2024-06-10 09:39:45,462 - INFO - Epoch 1
------------------------------- (WNT_Softmax_training.py:153)
2024-06-10 09:43:12,234 - INFO - Seed --> 12345 (WNT_Softmax_training.py:94)
2024-06-10 09:48:58,841 - INFO - BiEncoder evaluation (WNT_Softmax_training.py:136)
2024-06-10 09:49:04,646 - INFO - Epoch 0 Test Results: {1: 0.5786516853932584, 5: 0.7106741573033708, 25: 0.800561797752809, 50: 0.8328651685393258, 100: 0.860252808988764, 200: 0.8862359550561798} (WNT_Softmax_training.py:146)
2024-06-10 09:49:04,646 - INFO - Epoch 0 Validation Results: {1: 0.7844827586206896, 5: 0.9172413793103448, 25: 0.9603448275862069, 50: 0.9689655172413794, 100: 0.9758620689655172, 200: 0.9844827586206897}
 (WNT_Softmax_training.py:147)
2024-06-10 09:49:04,646 - INFO - Epoch 1
------------------------------- (WNT_Softmax_training.py:153)
2024-06-10 09:53:37,746 - INFO - Epoch 1 Test Results: {1: 0.5804073033707865, 5: 0.7131320224719101, 25: 0.8044241573033708, 50: 0.8353230337078652, 100: 0.8613061797752809, 200: 0.8865870786516854} (WNT_Softmax_training.py:74)
2024-06-10 09:53:37,746 - INFO - Epoch 1 Validation Results: {1: 0.7896551724137931, 5: 0.9206896551724137, 25: 0.9603448275862069, 50: 0.9724137931034482, 100: 0.9793103448275862, 200: 0.9862068965517241} (WNT_Softmax_training.py:75)
2024-06-10 09:53:38,205 - INFO - Best model saved at: ../models/wnt-softmax-es-SympTEMIST.pth (WNT_Softmax_training.py:84)
2024-06-10 09:53:38,205 - INFO - Epoch 2
------------------------------- (WNT_Softmax_training.py:153)
2024-06-10 09:58:13,908 - INFO - Epoch 2 Test Results: {1: 0.5842696629213483, 5: 0.7159410112359551, 25: 0.8054775280898876, 50: 0.8370786516853933, 100: 0.8651685393258427, 200: 0.8872893258426966} (WNT_Softmax_training.py:74)
2024-06-10 09:58:13,909 - INFO - Epoch 2 Validation Results: {1: 0.7931034482758621, 5: 0.9224137931034483, 25: 0.9620689655172414, 50: 0.9741379310344828, 100: 0.9793103448275862, 200: 0.9879310344827587} (WNT_Softmax_training.py:75)
2024-06-10 09:58:16,444 - INFO - Best model saved at: ../models/wnt-softmax-es-SympTEMIST.pth (WNT_Softmax_training.py:84)
2024-06-10 09:58:16,445 - INFO - Epoch 3
------------------------------- (WNT_Softmax_training.py:153)
2024-06-10 10:02:54,074 - INFO - Epoch 3 Test Results: {1: 0.5846207865168539, 5: 0.7176966292134831, 25: 0.8061797752808989, 50: 0.8381320224719101, 100: 0.8641151685393258, 200: 0.8872893258426966} (WNT_Softmax_training.py:74)
2024-06-10 10:02:54,074 - INFO - Epoch 3 Validation Results: {1: 0.7948275862068965, 5: 0.9258620689655173, 25: 0.9637931034482758, 50: 0.9775862068965517, 100: 0.9810344827586207, 200: 0.9896551724137931} (WNT_Softmax_training.py:75)
2024-06-10 10:02:56,869 - INFO - Best model saved at: ../models/wnt-softmax-es-SympTEMIST.pth (WNT_Softmax_training.py:84)
2024-06-10 10:02:56,869 - INFO - Epoch 4
------------------------------- (WNT_Softmax_training.py:153)
2024-06-10 10:07:30,875 - INFO - Epoch 4 Test Results: {1: 0.5856741573033708, 5: 0.7180477528089888, 25: 0.8089887640449438, 50: 0.8405898876404494, 100: 0.8648174157303371, 200: 0.8893960674157303} (WNT_Softmax_training.py:74)
2024-06-10 10:07:30,875 - INFO - Epoch 4 Validation Results: {1: 0.8, 5: 0.9258620689655173, 25: 0.9655172413793104, 50: 0.9775862068965517, 100: 0.9827586206896551, 200: 0.9896551724137931} (WNT_Softmax_training.py:75)
2024-06-10 10:07:33,190 - INFO - Best model saved at: ../models/wnt-softmax-es-SympTEMIST.pth (WNT_Softmax_training.py:84)
2024-06-10 10:07:33,191 - INFO - Epoch 5
------------------------------- (WNT_Softmax_training.py:153)
2024-06-10 10:12:11,282 - INFO - Epoch 5 Test Results: {1: 0.5881320224719101, 5: 0.7194522471910112, 25: 0.8107443820224719, 50: 0.8416432584269663, 100: 0.8651685393258427, 200: 0.8911516853932584} (WNT_Softmax_training.py:74)
2024-06-10 10:12:11,282 - INFO - Epoch 5 Validation Results: {1: 0.803448275862069, 5: 0.9258620689655173, 25: 0.9655172413793104, 50: 0.9775862068965517, 100: 0.9844827586206897, 200: 0.9913793103448276} (WNT_Softmax_training.py:75)
2024-06-10 10:12:13,738 - INFO - Best model saved at: ../models/wnt-softmax-es-SympTEMIST.pth (WNT_Softmax_training.py:84)
2024-06-10 10:12:13,739 - INFO - Epoch 6
------------------------------- (WNT_Softmax_training.py:153)
2024-06-10 10:16:49,824 - INFO - Epoch 6 Test Results: {1: 0.5888342696629213, 5: 0.7205056179775281, 25: 0.8121488764044944, 50: 0.8423455056179775, 100: 0.8665730337078652, 200: 0.8922050561797753} (WNT_Softmax_training.py:74)
2024-06-10 10:16:49,824 - INFO - Epoch 6 Validation Results: {1: 0.8051724137931034, 5: 0.9275862068965517, 25: 0.9672413793103448, 50: 0.9793103448275862, 100: 0.9844827586206897, 200: 0.993103448275862} (WNT_Softmax_training.py:75)
2024-06-10 10:16:53,461 - INFO - Best model saved at: ../models/wnt-softmax-es-SympTEMIST.pth (WNT_Softmax_training.py:84)
2024-06-10 10:16:53,462 - INFO - Epoch 7
------------------------------- (WNT_Softmax_training.py:153)
2024-06-10 10:21:24,758 - INFO - Epoch 7 Test Results: {1: 0.5895365168539326, 5: 0.7212078651685393, 25: 0.8128511235955056, 50: 0.8405898876404494, 100: 0.8665730337078652, 200: 0.8925561797752809} (WNT_Softmax_training.py:74)
2024-06-10 10:21:24,758 - INFO - Epoch 7 Validation Results: {1: 0.8155172413793104, 5: 0.9293103448275862, 25: 0.9672413793103448, 50: 0.9793103448275862, 100: 0.9862068965517241, 200: 0.993103448275862} (WNT_Softmax_training.py:75)
2024-06-10 10:21:27,130 - INFO - Best model saved at: ../models/wnt-softmax-es-SympTEMIST.pth (WNT_Softmax_training.py:84)
2024-06-10 10:21:27,131 - INFO - Epoch 8
------------------------------- (WNT_Softmax_training.py:153)
2024-06-10 10:25:58,660 - INFO - Epoch 8 Test Results: {1: 0.5919943820224719, 5: 0.7208567415730337, 25: 0.8132022471910112, 50: 0.8398876404494382, 100: 0.8683286516853933, 200: 0.8936095505617978} (WNT_Softmax_training.py:74)
2024-06-10 10:25:58,660 - INFO - Epoch 8 Validation Results: {1: 0.8172413793103448, 5: 0.9293103448275862, 25: 0.9706896551724138, 50: 0.9793103448275862, 100: 0.9862068965517241, 200: 0.993103448275862} (WNT_Softmax_training.py:75)
2024-06-10 10:26:01,191 - INFO - Best model saved at: ../models/wnt-softmax-es-SympTEMIST.pth (WNT_Softmax_training.py:84)
2024-06-10 10:26:01,246 - INFO - Epoch 9
------------------------------- (WNT_Softmax_training.py:153)
2024-06-10 10:30:32,754 - INFO - Epoch 9 Test Results: {1: 0.5926966292134831, 5: 0.7236657303370787, 25: 0.8132022471910112, 50: 0.8395365168539326, 100: 0.8683286516853933, 200: 0.8936095505617978} (WNT_Softmax_training.py:74)
2024-06-10 10:30:32,754 - INFO - Epoch 9 Validation Results: {1: 0.8189655172413793, 5: 0.9327586206896552, 25: 0.9706896551724138, 50: 0.9793103448275862, 100: 0.9862068965517241, 200: 0.993103448275862} (WNT_Softmax_training.py:75)
2024-06-10 10:30:35,198 - INFO - Best model saved at: ../models/wnt-softmax-es-SympTEMIST.pth (WNT_Softmax_training.py:84)
2024-06-10 10:30:35,198 - INFO - Epoch 10
------------------------------- (WNT_Softmax_training.py:153)
2024-06-10 10:35:06,560 - INFO - Epoch 10 Test Results: {1: 0.5930477528089888, 5: 0.7243679775280899, 25: 0.8139044943820225, 50: 0.8395365168539326, 100: 0.8683286516853933, 200: 0.8932584269662921} (WNT_Softmax_training.py:74)
2024-06-10 10:35:06,560 - INFO - Epoch 10 Validation Results: {1: 0.8258620689655173, 5: 0.9327586206896552, 25: 0.9706896551724138, 50: 0.9793103448275862, 100: 0.9862068965517241, 200: 0.993103448275862} (WNT_Softmax_training.py:75)
2024-06-10 10:35:09,237 - INFO - Best model saved at: ../models/wnt-softmax-es-SympTEMIST.pth (WNT_Softmax_training.py:84)
2024-06-10 10:35:09,237 - INFO - Training Completed -> 2770.40 seconds (WNT_Softmax_training.py:160)
